<?xml version="1.0" encoding="UTF-8"?>
<testng-results skipped="0" failed="0" total="1" passed="1">
  <reporter-output>
  </reporter-output>
  <suite name="Suite" duration-ms="36886" started-at="2023-11-09T01:11:50Z" finished-at="2023-11-09T01:12:27Z">
    <groups>
    </groups>
    <test name="Test" duration-ms="36886" started-at="2023-11-09T01:11:50Z" finished-at="2023-11-09T01:12:27Z">
      <class name="com.test.maven.FirstTest">
        <test-method status="PASS" signature="launchBrowser()[pri:0, instance:com.test.maven.FirstTest@64616ca2]" name="launchBrowser" is-config="true" duration-ms="3180" started-at="2023-11-09T06:41:50Z" finished-at="2023-11-09T06:41:53Z">
          <reporter-output>
          </reporter-output>
        </test-method> <!-- launchBrowser -->
        <test-method status="PASS" signature="navigateToflipkart()[pri:0, instance:com.test.maven.FirstTest@64616ca2]" name="navigateToflipkart" duration-ms="29956" started-at="2023-11-09T06:41:53Z" finished-at="2023-11-09T06:42:23Z">
          <reporter-output>
          </reporter-output>
        </test-method> <!-- navigateToflipkart -->
        <test-method status="PASS" signature="closeTheBrowser()[pri:0, instance:com.test.maven.FirstTest@64616ca2]" name="closeTheBrowser" is-config="true" duration-ms="3731" started-at="2023-11-09T06:42:23Z" finished-at="2023-11-09T06:42:27Z">
          <reporter-output>
          </reporter-output>
        </test-method> <!-- closeTheBrowser -->
      </class> <!-- com.test.maven.FirstTest -->
    </test> <!-- Test -->
  </suite> <!-- Suite -->
</testng-results>
