<?xml version="1.0" encoding="UTF-8"?>
<testng-results skipped="0" failed="0" total="1" passed="1">
  <reporter-output>
  </reporter-output>
  <suite name="Suite" duration-ms="20188" started-at="2023-10-22T03:53:28Z" finished-at="2023-10-22T03:53:48Z">
    <groups>
    </groups>
    <test name="Test" duration-ms="20188" started-at="2023-10-22T03:53:28Z" finished-at="2023-10-22T03:53:48Z">
      <class name="com.test.maven.FirstTest">
        <test-method status="PASS" signature="launchBrowser()[pri:0, instance:com.test.maven.FirstTest@1b0375b3]" name="launchBrowser" is-config="true" duration-ms="12004" started-at="2023-10-22T09:23:28Z" finished-at="2023-10-22T09:23:40Z">
          <reporter-output>
          </reporter-output>
        </test-method> <!-- launchBrowser -->
        <test-method status="PASS" signature="navigateToflipkart()[pri:0, instance:com.test.maven.FirstTest@1b0375b3]" name="navigateToflipkart" duration-ms="4482" started-at="2023-10-22T09:23:40Z" finished-at="2023-10-22T09:23:45Z">
          <reporter-output>
          </reporter-output>
        </test-method> <!-- navigateToflipkart -->
        <test-method status="PASS" signature="closeTheBrowser()[pri:0, instance:com.test.maven.FirstTest@1b0375b3]" name="closeTheBrowser" is-config="true" duration-ms="3678" started-at="2023-10-22T09:23:45Z" finished-at="2023-10-22T09:23:48Z">
          <reporter-output>
          </reporter-output>
        </test-method> <!-- closeTheBrowser -->
      </class> <!-- com.test.maven.FirstTest -->
    </test> <!-- Test -->
  </suite> <!-- Suite -->
</testng-results>
